  Application.cpp
C:\Users\bluna\skola\ZPG\ZPG_BLU0015\ZPG_BLU0015\Application.cpp(78,39): warning C4305: 'argument': truncation from 'double' to 'float'
C:\Users\bluna\skola\ZPG\ZPG_BLU0015\ZPG_BLU0015\Application.cpp(81,50): warning C4305: 'argument': truncation from 'double' to 'float'
C:\Users\bluna\skola\ZPG\ZPG_BLU0015\ZPG_BLU0015\Application.cpp(82,39): warning C4305: 'argument': truncation from 'double' to 'float'
C:\Users\bluna\skola\ZPG\ZPG_BLU0015\ZPG_BLU0015\Application.cpp(84,49): warning C4305: 'argument': truncation from 'double' to 'float'
C:\Users\bluna\skola\ZPG\ZPG_BLU0015\ZPG_BLU0015\Application.cpp(85,39): warning C4305: 'argument': truncation from 'double' to 'float'
C:\Users\bluna\skola\ZPG\ZPG_BLU0015\ZPG_BLU0015\Application.cpp(103,48): warning C4305: 'argument': truncation from 'double' to 'float'
C:\Users\bluna\skola\ZPG\ZPG_BLU0015\ZPG_BLU0015\Application.cpp(104,39): warning C4305: 'argument': truncation from 'double' to 'float'
C:\Users\bluna\skola\ZPG\ZPG_BLU0015\ZPG_BLU0015\Application.cpp(107,49): warning C4305: 'argument': truncation from 'double' to 'float'
C:\Users\bluna\skola\ZPG\ZPG_BLU0015\ZPG_BLU0015\Application.cpp(108,40): warning C4305: 'argument': truncation from 'double' to 'float'
C:\Users\bluna\skola\ZPG\ZPG_BLU0015\ZPG_BLU0015\Application.cpp(110,46): warning C4305: 'argument': truncation from 'double' to 'float'
C:\Users\bluna\skola\ZPG\ZPG_BLU0015\ZPG_BLU0015\Application.cpp(111,40): warning C4305: 'argument': truncation from 'double' to 'float'
C:\Users\bluna\skola\ZPG\ZPG_BLU0015\ZPG_BLU0015\Application.cpp(115,39): warning C4305: 'argument': truncation from 'double' to 'float'
C:\Users\bluna\skola\ZPG\ZPG_BLU0015\ZPG_BLU0015\Application.cpp(117,46): warning C4305: 'argument': truncation from 'double' to 'float'
C:\Users\bluna\skola\ZPG\ZPG_BLU0015\ZPG_BLU0015\Application.cpp(118,40): warning C4305: 'argument': truncation from 'double' to 'float'
C:\Users\bluna\skola\ZPG\ZPG_BLU0015\ZPG_BLU0015\Application.cpp(122,49): warning C4305: 'argument': truncation from 'double' to 'float'
C:\Users\bluna\skola\ZPG\ZPG_BLU0015\ZPG_BLU0015\Application.cpp(123,39): warning C4305: 'argument': truncation from 'double' to 'float'
C:\Users\bluna\skola\ZPG\ZPG_BLU0015\ZPG_BLU0015\Application.cpp(125,49): warning C4305: 'argument': truncation from 'double' to 'float'
C:\Users\bluna\skola\ZPG\ZPG_BLU0015\ZPG_BLU0015\Application.cpp(126,39): warning C4305: 'argument': truncation from 'double' to 'float'
C:\Users\bluna\skola\ZPG\ZPG_BLU0015\ZPG_BLU0015\Application.cpp(128,48): warning C4305: 'argument': truncation from 'double' to 'float'
C:\Users\bluna\skola\ZPG\ZPG_BLU0015\ZPG_BLU0015\Application.cpp(129,39): warning C4305: 'argument': truncation from 'double' to 'float'
C:\Users\bluna\skola\ZPG\ZPG_BLU0015\ZPG_BLU0015\Application.cpp(131,48): warning C4305: 'argument': truncation from 'double' to 'float'
C:\Users\bluna\skola\ZPG\ZPG_BLU0015\ZPG_BLU0015\Application.cpp(132,39): warning C4305: 'argument': truncation from 'double' to 'float'
C:\Users\bluna\skola\ZPG\ZPG_BLU0015\ZPG_BLU0015\Application.cpp(134,48): warning C4305: 'argument': truncation from 'double' to 'float'
C:\Users\bluna\skola\ZPG\ZPG_BLU0015\ZPG_BLU0015\Application.cpp(137,50): warning C4305: 'argument': truncation from 'double' to 'float'
C:\Users\bluna\skola\ZPG\ZPG_BLU0015\ZPG_BLU0015\Application.cpp(138,40): warning C4305: 'argument': truncation from 'double' to 'float'
C:\Users\bluna\skola\ZPG\ZPG_BLU0015\ZPG_BLU0015\Application.cpp(140,50): warning C4305: 'argument': truncation from 'double' to 'float'
C:\Users\bluna\skola\ZPG\ZPG_BLU0015\ZPG_BLU0015\Application.cpp(141,40): warning C4305: 'argument': truncation from 'double' to 'float'
  main.cpp
  Generating Code...
  ZPG_BLU0015.vcxproj -> C:\Users\bluna\skola\ZPG\ZPG_BLU0015\x64\Debug\ZPG_BLU0015.exe
